<?xml version="1.0" encoding="UTF-8"?>
<!-- Generated by org.testng.reporters.JUnitReportReporter -->
<testsuite hostname="Yukeshkumar-Meganathan" failures="0" tests="1" name="AppiumRS.Appium.HybridBase" time="0.017" errors="0" timestamp="2022-04-04T22:45:18 IST" skipped="0">
  <testcase classname="AppiumRS.Appium.HybridBase" name="path" time="0.017"/>
  <system-out/>
</testsuite> <!-- AppiumRS.Appium.HybridBase -->
