<?xml version="1.0" encoding="UTF-8"?>
<!-- Generated by org.testng.reporters.JUnitReportReporter -->
<testsuite hostname="Yukeshkumar-Meganathan" failures="0" tests="1" name="ecommapp.TC1" time="42.050" errors="0" timestamp="2022-04-04T22:04:25 IST" skipped="0">
  <testcase classname="ecommapp.TC1" name="ecommerce_TC1" time="42.050"/>
  <system-out/>
</testsuite> <!-- ecommapp.TC1 -->
