<?xml version="1.0" encoding="UTF-8"?>
<!-- Generated by org.testng.reporters.JUnitReportReporter -->
<testsuite hostname="Yukeshkumar-Meganathan" failures="0" tests="1" name="AppiumRS.Appium.Basics" time="27.666" errors="0" timestamp="2022-04-04T11:17:37 IST" skipped="0">
  <testcase classname="AppiumRS.Appium.Basics" name="test2" time="27.666"/>
  <system-out/>
</testsuite> <!-- AppiumRS.Appium.Basics -->
