<?xml version="1.0" encoding="UTF-8"?>
<!-- Generated by org.testng.reporters.JUnitReportReporter -->
<testsuite hostname="Yukeshkumar-Meganathan" failures="0" tests="1" name="ecommapp.GeneralStoreTCs" time="46.173" errors="0" timestamp="2022-04-04T22:21:39 IST" skipped="0">
  <testcase classname="ecommapp.GeneralStoreTCs" name="ecommerce_TC2" time="46.173"/>
  <system-out/>
</testsuite> <!-- ecommapp.GeneralStoreTCs -->
