<?xml version="1.0" encoding="UTF-8"?>
<!-- Generated by org.testng.reporters.JUnitReportReporter -->
<testsuite hostname="Yukeshkumar-Meganathan" failures="0" tests="1" name="AppiumRS.Appium.TouchActions" time="40.086" errors="0" timestamp="2022-04-04T12:56:03 IST" skipped="0">
  <testcase classname="AppiumRS.Appium.TouchActions" name="tapTest" time="40.086"/>
  <system-out/>
</testsuite> <!-- AppiumRS.Appium.TouchActions -->
