<?xml version="1.0" encoding="UTF-8"?>
<!-- Generated by org.testng.reporters.JUnitReportReporter -->
<testsuite hostname="Yukeshkumar-Meganathan" failures="0" tests="1" name="AppiumRS.Appium.DragAndDrop" time="45.683" errors="0" timestamp="2022-04-04T20:39:21 IST" skipped="0">
  <testcase classname="AppiumRS.Appium.DragAndDrop" name="scrollMethod" time="45.683"/>
  <system-out/>
</testsuite> <!-- AppiumRS.Appium.DragAndDrop -->
