<?xml version="1.0" encoding="UTF-8"?>
<!-- Generated by org.testng.reporters.JUnitReportReporter -->
<testsuite hostname="Yukeshkumar-Meganathan" failures="0" tests="1" name="AppiumRS.Appium.DesiredCapabilityAndAppLaunch" time="55.308" errors="0" timestamp="2022-04-03T20:13:44 IST" skipped="0">
  <testcase classname="AppiumRS.Appium.DesiredCapabilityAndAppLaunch" name="firstTest" time="55.308"/>
  <system-out/>
</testsuite> <!-- AppiumRS.Appium.DesiredCapabilityAndAppLaunch -->
